<?xml version="1.0" encoding="UTF-8"?>
<testsuite name="Cucumber" time="11.402" tests="1" skipped="0" failures="0" errors="0">
<testcase classname="feature to test login functionality" name="Login test with valid credential" time="11.225">
<system-out><![CDATA[
Given user is on login page.................................................passed
When user enters username and password......................................passed
And click on login button...................................................passed
Then user is navigated to the home page.....................................passed
]]></system-out>
</testcase>
</testsuite>
